Arguments: 
  /home/sajib/.nvm/versions/node/v18.16.1/bin/node /usr/share/yarn/bin/yarn.js add password-complexity

PATH: 
  /home/sajib/.nvm/versions/node/v18.16.1/bin:/usr/local/sbin:/usr/local/bin:/usr/sbin:/usr/bin:/sbin:/bin:/usr/games:/usr/local/games:/snap/bin:/snap/bin

Yarn version: 
  1.22.19

Node version: 
  18.16.1

Platform: 
  linux x64

Trace: 
  Error: https://registry.yarnpkg.com/password-complexity: Not found
      at params.callback [as _callback] (/usr/share/yarn/lib/cli.js:66145:18)
      at self.callback (/usr/share/yarn/lib/cli.js:140890:22)
      at Request.emit (node:events:513:28)
      at Request.<anonymous> (/usr/share/yarn/lib/cli.js:141862:10)
      at Request.emit (node:events:513:28)
      at IncomingMessage.<anonymous> (/usr/share/yarn/lib/cli.js:141784:12)
      at Object.onceWrapper (node:events:627:28)
      at IncomingMessage.emit (node:events:525:35)
      at endReadableNT (node:internal/streams/readable:1359:12)
      at process.processTicksAndRejections (node:internal/process/task_queues:82:21)

npm manifest: 
  {
    "name": "dashboard-backend",
    "version": "1.0.0",
    "description": "dashboard-backend",
    "author": "",
    "license": "",
    "main": "app.js",
    "repository": {
      "type": "git",
      "url": "https://github.com/shahnewaz2004/dashboard-backend.git"
    },
    "scripts": {
      "test": "echo \"Error: no test specified\" && exit 1",
      "start": "node app.js",
      "dev": "nodemon app.js"
    },
    "dependencies": {
      "@google-cloud/storage": "^6.8.0",
      "bcryptjs": "^2.4.3",
      "config": "^3.3.8",
      "cookie-parser": "^1.4.6",
      "cors": "^2.8.5",
      "dotenv": "^16.0.2",
      "ejs": "^3.1.8",
      "express": "^4.18.1",
      "joi": "^17.6.1",
      "joi-password-complexity": "^5.1.0",
      "jsonwebtoken": "^8.5.1",
      "lodash": "^4.17.21",
      "mongoose": "^6.6.2",
      "multer": "^1.4.5-lts.1",
      "nodemailer": "^6.7.8",
      "nodemailer-smtp-transport": "^2.7.4",
      "uuid": "^9.0.0"
    },
    "devDependencies": {
      "nodemon": "^2.0.20"
    }
  }

yarn manifest: 
  No manifest

Lockfile: 
  No lockfile
